[0m21:29:56.787004 [debug] [MainThread]: Sending event: {'category': 'dbt', 'action': 'invocation', 'label': 'start', 'context': [<snowplow_tracker.self_describing_json.SelfDescribingJson object at 0x000001E0AF146B90>, <snowplow_tracker.self_describing_json.SelfDescribingJson object at 0x000001E0AF5DBE90>, <snowplow_tracker.self_describing_json.SelfDescribingJson object at 0x000001E0AFBBFDD0>]}


============================== 21:29:56.818223 | 13636835-99f9-4472-9723-f0c9a5ea34a3 ==============================
[0m21:29:56.818223 [info ] [MainThread]: Running with dbt=1.7.4
[0m21:29:56.818223 [debug] [MainThread]: running dbt with arguments {'printer_width': '80', 'indirect_selection': 'eager', 'write_json': 'True', 'log_cache_events': 'False', 'partial_parse': 'True', 'cache_selected_only': 'False', 'profiles_dir': 'C:\\Users\\duchu\\.dbt', 'fail_fast': 'False', 'warn_error': 'None', 'log_path': 'logs', 'version_check': 'True', 'debug': 'False', 'use_colors': 'True', 'use_experimental_parser': 'False', 'no_print': 'None', 'quiet': 'False', 'warn_error_options': 'WarnErrorOptions(include=[], exclude=[])', 'introspect': 'True', 'invocation_command': 'dbt init', 'log_format': 'default', 'target_path': 'None', 'static_parser': 'True', 'send_anonymous_usage_stats': 'True'}
[0m21:30:29.713308 [debug] [MainThread]: Starter project path: D:\homework\portfolio\etl_venv\Lib\site-packages\dbt\include\starter_project
[0m21:30:29.806061 [info ] [MainThread]: 
Your new dbt project "dvdrental" was created!

For more information on how to configure the profiles.yml file,
please consult the dbt documentation here:

  https://docs.getdbt.com/docs/configure-your-profile

One more thing:

Need help? Don't hesitate to reach out to us via GitHub issues or on Slack:

  https://community.getdbt.com/

Happy modeling!

[0m21:30:29.809061 [info ] [MainThread]: Setting up your profile.
[0m21:37:02.864636 [info ] [MainThread]: Profile dvdrental written to C:\Users\duchu\.dbt\profiles.yml using target's profile_template.yml and your supplied values. Run 'dbt debug' to validate the connection.
[0m21:37:02.864636 [debug] [MainThread]: Command `dbt init` succeeded at 21:37:02.864636 after 426.10 seconds
[0m21:37:02.864636 [debug] [MainThread]: Sending event: {'category': 'dbt', 'action': 'invocation', 'label': 'end', 'context': [<snowplow_tracker.self_describing_json.SelfDescribingJson object at 0x000001E0AF146490>, <snowplow_tracker.self_describing_json.SelfDescribingJson object at 0x000001E0AF113710>, <snowplow_tracker.self_describing_json.SelfDescribingJson object at 0x000001E0AFCAD950>]}
[0m21:37:02.864636 [debug] [MainThread]: Flushing usage events
[0m21:37:19.831264 [debug] [MainThread]: Sending event: {'category': 'dbt', 'action': 'invocation', 'label': 'start', 'context': [<snowplow_tracker.self_describing_json.SelfDescribingJson object at 0x0000020A5B1E7C10>, <snowplow_tracker.self_describing_json.SelfDescribingJson object at 0x0000020A5B193650>, <snowplow_tracker.self_describing_json.SelfDescribingJson object at 0x0000020A59F52CD0>]}


============================== 21:37:19.831264 | d3ec9d01-1033-4988-9276-357c16e8358c ==============================
[0m21:37:19.831264 [info ] [MainThread]: Running with dbt=1.7.4
[0m21:37:19.831264 [debug] [MainThread]: running dbt with arguments {'printer_width': '80', 'indirect_selection': 'eager', 'write_json': 'True', 'log_cache_events': 'False', 'partial_parse': 'True', 'cache_selected_only': 'False', 'profiles_dir': 'C:\\Users\\duchu\\.dbt', 'version_check': 'True', 'debug': 'False', 'log_path': 'logs', 'warn_error': 'None', 'fail_fast': 'False', 'use_colors': 'True', 'use_experimental_parser': 'False', 'no_print': 'None', 'quiet': 'False', 'warn_error_options': 'WarnErrorOptions(include=[], exclude=[])', 'invocation_command': 'dbt debug', 'static_parser': 'True', 'log_format': 'default', 'target_path': 'None', 'introspect': 'True', 'send_anonymous_usage_stats': 'True'}
[0m21:37:19.831264 [info ] [MainThread]: dbt version: 1.7.4
[0m21:37:19.846885 [info ] [MainThread]: python version: 3.11.6
[0m21:37:19.846885 [info ] [MainThread]: python path: D:\homework\portfolio\etl_venv\Scripts\python.exe
[0m21:37:19.846885 [info ] [MainThread]: os info: Windows-10-10.0.19045-SP0
[0m21:37:20.196963 [info ] [MainThread]: Using profiles dir at C:\Users\duchu\.dbt
[0m21:37:20.196963 [info ] [MainThread]: Using profiles.yml file at C:\Users\duchu\.dbt\profiles.yml
[0m21:37:20.196963 [info ] [MainThread]: Using dbt_project.yml file at D:\homework\portfolio\etl-dvdrental-snowfalke-dbt\dbt_project.yml
[0m21:37:20.215877 [info ] [MainThread]: adapter type: snowflake
[0m21:37:20.216880 [info ] [MainThread]: adapter version: 1.7.1
[0m21:37:20.217839 [info ] [MainThread]: Configuration:
[0m21:37:20.217839 [info ] [MainThread]:   profiles.yml file [[32mOK found and valid[0m]
[0m21:37:20.217839 [info ] [MainThread]:   dbt_project.yml file [[31mERROR not found[0m]
[0m21:37:20.217839 [info ] [MainThread]: Required dependencies:
[0m21:37:20.217839 [debug] [MainThread]: Executing "git --help"
[0m21:37:20.268424 [debug] [MainThread]: STDOUT: "b"usage: git [-v | --version] [-h | --help] [-C <path>] [-c <name>=<value>]\n           [--exec-path[=<path>]] [--html-path] [--man-path] [--info-path]\n           [-p | --paginate | -P | --no-pager] [--no-replace-objects] [--bare]\n           [--git-dir=<path>] [--work-tree=<path>] [--namespace=<name>]\n           [--config-env=<name>=<envvar>] <command> [<args>]\n\nThese are common Git commands used in various situations:\n\nstart a working area (see also: git help tutorial)\n   clone     Clone a repository into a new directory\n   init      Create an empty Git repository or reinitialize an existing one\n\nwork on the current change (see also: git help everyday)\n   add       Add file contents to the index\n   mv        Move or rename a file, a directory, or a symlink\n   restore   Restore working tree files\n   rm        Remove files from the working tree and from the index\n\nexamine the history and state (see also: git help revisions)\n   bisect    Use binary search to find the commit that introduced a bug\n   diff      Show changes between commits, commit and working tree, etc\n   grep      Print lines matching a pattern\n   log       Show commit logs\n   show      Show various types of objects\n   status    Show the working tree status\n\ngrow, mark and tweak your common history\n   branch    List, create, or delete branches\n   commit    Record changes to the repository\n   merge     Join two or more development histories together\n   rebase    Reapply commits on top of another base tip\n   reset     Reset current HEAD to the specified state\n   switch    Switch branches\n   tag       Create, list, delete or verify a tag object signed with GPG\n\ncollaborate (see also: git help workflows)\n   fetch     Download objects and refs from another repository\n   pull      Fetch from and integrate with another repository or a local branch\n   push      Update remote refs along with associated objects\n\n'git help -a' and 'git help -g' list available subcommands and some\nconcept guides. See 'git help <command>' or 'git help <concept>'\nto read about a specific subcommand or concept.\nSee 'git help git' for an overview of the system.\n""
[0m21:37:20.269412 [debug] [MainThread]: STDERR: "b''"
[0m21:37:20.269412 [info ] [MainThread]:  - git [[32mOK found[0m]

[0m21:37:20.271430 [info ] [MainThread]: Connection:
[0m21:37:20.272412 [info ] [MainThread]:   account: hhjpltc-zw54590
[0m21:37:20.273412 [info ] [MainThread]:   user: ndhuy
[0m21:37:20.274861 [info ] [MainThread]:   database: raw
[0m21:37:20.274861 [info ] [MainThread]:   warehouse: DW1
[0m21:37:20.279732 [info ] [MainThread]:   role: ACCOUNTADMIN
[0m21:37:20.279732 [info ] [MainThread]:   schema: dvdrental
[0m21:37:20.279732 [info ] [MainThread]:   authenticator: None
[0m21:37:20.279732 [info ] [MainThread]:   private_key_path: None
[0m21:37:20.279732 [info ] [MainThread]:   token: None
[0m21:37:20.279732 [info ] [MainThread]:   oauth_client_id: None
[0m21:37:20.279732 [info ] [MainThread]:   query_tag: None
[0m21:37:20.279732 [info ] [MainThread]:   client_session_keep_alive: False
[0m21:37:20.279732 [info ] [MainThread]:   host: None
[0m21:37:20.279732 [info ] [MainThread]:   port: None
[0m21:37:20.279732 [info ] [MainThread]:   proxy_host: None
[0m21:37:20.279732 [info ] [MainThread]:   proxy_port: None
[0m21:37:20.279732 [info ] [MainThread]:   protocol: None
[0m21:37:20.279732 [info ] [MainThread]:   connect_retries: 1
[0m21:37:20.296221 [info ] [MainThread]:   connect_timeout: None
[0m21:37:20.296221 [info ] [MainThread]:   retry_on_database_errors: False
[0m21:37:20.296221 [info ] [MainThread]:   retry_all: False
[0m21:37:20.296221 [info ] [MainThread]:   insecure_mode: False
[0m21:37:20.296221 [info ] [MainThread]:   reuse_connections: None
[0m21:37:20.296221 [info ] [MainThread]: Registered adapter: snowflake=1.7.1
[0m21:37:20.296221 [debug] [MainThread]: Acquiring new snowflake connection 'debug'
[0m21:37:20.296221 [debug] [MainThread]: Using snowflake connection "debug"
[0m21:37:20.296221 [debug] [MainThread]: On debug: select 1 as id
[0m21:37:20.296221 [debug] [MainThread]: Opening a new connection, currently in state init
[0m21:37:21.369434 [debug] [MainThread]: SQL status: SUCCESS 1 in 1.0 seconds
[0m21:37:21.384962 [debug] [MainThread]: On debug: Close
[0m21:37:21.497565 [info ] [MainThread]:   Connection test: [[32mOK connection ok[0m]

[0m21:37:21.497565 [info ] [MainThread]: [31m1 check failed:[0m
[0m21:37:21.497565 [info ] [MainThread]: Project loading failed for the following reason:
 project path <D:\homework\portfolio\etl-dvdrental-snowfalke-dbt\dbt_project.yml> not found

[0m21:37:21.519646 [debug] [MainThread]: Command `dbt debug` failed at 21:37:21.518680 after 1.74 seconds
[0m21:37:21.521656 [debug] [MainThread]: Connection 'debug' was properly closed.
[0m21:37:21.523692 [debug] [MainThread]: Sending event: {'category': 'dbt', 'action': 'invocation', 'label': 'end', 'context': [<snowplow_tracker.self_describing_json.SelfDescribingJson object at 0x0000020A5A5F3C90>, <snowplow_tracker.self_describing_json.SelfDescribingJson object at 0x0000020A5A654190>, <snowplow_tracker.self_describing_json.SelfDescribingJson object at 0x0000020A5BD8E590>]}
[0m21:37:21.526646 [debug] [MainThread]: Flushing usage events
[0m21:43:28.057879 [debug] [MainThread]: Sending event: {'category': 'dbt', 'action': 'invocation', 'label': 'start', 'context': [<snowplow_tracker.self_describing_json.SelfDescribingJson object at 0x0000026AF7D31750>, <snowplow_tracker.self_describing_json.SelfDescribingJson object at 0x0000026AF82D1A90>, <snowplow_tracker.self_describing_json.SelfDescribingJson object at 0x0000026AF7D33850>]}


============================== 21:43:28.068225 | 11287cc7-d632-4c65-8b0a-22f04b0066de ==============================
[0m21:43:28.068225 [info ] [MainThread]: Running with dbt=1.7.4
[0m21:43:28.069192 [debug] [MainThread]: running dbt with arguments {'printer_width': '80', 'indirect_selection': 'eager', 'write_json': 'True', 'log_cache_events': 'False', 'partial_parse': 'True', 'cache_selected_only': 'False', 'profiles_dir': 'C:\\Users\\duchu\\.dbt', 'debug': 'False', 'fail_fast': 'False', 'log_path': 'logs', 'warn_error': 'None', 'version_check': 'True', 'use_colors': 'True', 'use_experimental_parser': 'False', 'no_print': 'None', 'quiet': 'False', 'warn_error_options': 'WarnErrorOptions(include=[], exclude=[])', 'static_parser': 'True', 'invocation_command': 'dbt debug', 'introspect': 'True', 'target_path': 'None', 'log_format': 'default', 'send_anonymous_usage_stats': 'True'}
[0m21:43:28.071191 [info ] [MainThread]: dbt version: 1.7.4
[0m21:43:28.072192 [info ] [MainThread]: python version: 3.11.6
[0m21:43:28.074192 [info ] [MainThread]: python path: D:\homework\portfolio\etl_venv\Scripts\python.exe
[0m21:43:28.075192 [info ] [MainThread]: os info: Windows-10-10.0.19045-SP0
[0m21:43:28.476041 [info ] [MainThread]: Using profiles dir at C:\Users\duchu\.dbt
[0m21:43:28.476041 [info ] [MainThread]: Using profiles.yml file at C:\Users\duchu\.dbt\profiles.yml
[0m21:43:28.476041 [info ] [MainThread]: Using dbt_project.yml file at D:\homework\portfolio\etl-dvdrental-snowfalke-dbt\dbt_project.yml
[0m21:43:28.476041 [info ] [MainThread]: adapter type: snowflake
[0m21:43:28.476041 [info ] [MainThread]: adapter version: 1.7.1
[0m21:43:28.485708 [info ] [MainThread]: Configuration:
[0m21:43:28.487708 [info ] [MainThread]:   profiles.yml file [[32mOK found and valid[0m]
[0m21:43:28.488707 [info ] [MainThread]:   dbt_project.yml file [[31mERROR invalid[0m]
[0m21:43:28.490194 [info ] [MainThread]: Required dependencies:
[0m21:43:28.490194 [debug] [MainThread]: Executing "git --help"
[0m21:43:28.535026 [debug] [MainThread]: STDOUT: "b"usage: git [-v | --version] [-h | --help] [-C <path>] [-c <name>=<value>]\n           [--exec-path[=<path>]] [--html-path] [--man-path] [--info-path]\n           [-p | --paginate | -P | --no-pager] [--no-replace-objects] [--bare]\n           [--git-dir=<path>] [--work-tree=<path>] [--namespace=<name>]\n           [--config-env=<name>=<envvar>] <command> [<args>]\n\nThese are common Git commands used in various situations:\n\nstart a working area (see also: git help tutorial)\n   clone     Clone a repository into a new directory\n   init      Create an empty Git repository or reinitialize an existing one\n\nwork on the current change (see also: git help everyday)\n   add       Add file contents to the index\n   mv        Move or rename a file, a directory, or a symlink\n   restore   Restore working tree files\n   rm        Remove files from the working tree and from the index\n\nexamine the history and state (see also: git help revisions)\n   bisect    Use binary search to find the commit that introduced a bug\n   diff      Show changes between commits, commit and working tree, etc\n   grep      Print lines matching a pattern\n   log       Show commit logs\n   show      Show various types of objects\n   status    Show the working tree status\n\ngrow, mark and tweak your common history\n   branch    List, create, or delete branches\n   commit    Record changes to the repository\n   merge     Join two or more development histories together\n   rebase    Reapply commits on top of another base tip\n   reset     Reset current HEAD to the specified state\n   switch    Switch branches\n   tag       Create, list, delete or verify a tag object signed with GPG\n\ncollaborate (see also: git help workflows)\n   fetch     Download objects and refs from another repository\n   pull      Fetch from and integrate with another repository or a local branch\n   push      Update remote refs along with associated objects\n\n'git help -a' and 'git help -g' list available subcommands and some\nconcept guides. See 'git help <command>' or 'git help <concept>'\nto read about a specific subcommand or concept.\nSee 'git help git' for an overview of the system.\n""
[0m21:43:28.535026 [debug] [MainThread]: STDERR: "b''"
[0m21:43:28.535026 [info ] [MainThread]:  - git [[32mOK found[0m]

[0m21:43:28.535026 [info ] [MainThread]: Connection:
[0m21:43:28.535026 [info ] [MainThread]:   account: hhjpltc-zw54590
[0m21:43:28.535026 [info ] [MainThread]:   user: ndhuy
[0m21:43:28.535026 [info ] [MainThread]:   database: raw
[0m21:43:28.546877 [info ] [MainThread]:   warehouse: DW1
[0m21:43:28.547883 [info ] [MainThread]:   role: ACCOUNTADMIN
[0m21:43:28.549377 [info ] [MainThread]:   schema: dvdrental
[0m21:43:28.549377 [info ] [MainThread]:   authenticator: None
[0m21:43:28.549377 [info ] [MainThread]:   private_key_path: None
[0m21:43:28.549377 [info ] [MainThread]:   token: None
[0m21:43:28.549377 [info ] [MainThread]:   oauth_client_id: None
[0m21:43:28.549377 [info ] [MainThread]:   query_tag: None
[0m21:43:28.549377 [info ] [MainThread]:   client_session_keep_alive: False
[0m21:43:28.549377 [info ] [MainThread]:   host: None
[0m21:43:28.549377 [info ] [MainThread]:   port: None
[0m21:43:28.549377 [info ] [MainThread]:   proxy_host: None
[0m21:43:28.549377 [info ] [MainThread]:   proxy_port: None
[0m21:43:28.549377 [info ] [MainThread]:   protocol: None
[0m21:43:28.549377 [info ] [MainThread]:   connect_retries: 1
[0m21:43:28.549377 [info ] [MainThread]:   connect_timeout: None
[0m21:43:28.565214 [info ] [MainThread]:   retry_on_database_errors: False
[0m21:43:28.566213 [info ] [MainThread]:   retry_all: False
[0m21:43:28.567220 [info ] [MainThread]:   insecure_mode: False
[0m21:43:28.568562 [info ] [MainThread]:   reuse_connections: None
[0m21:43:28.568562 [info ] [MainThread]: Registered adapter: snowflake=1.7.1
[0m21:43:28.568562 [debug] [MainThread]: Acquiring new snowflake connection 'debug'
[0m21:43:28.568562 [debug] [MainThread]: Using snowflake connection "debug"
[0m21:43:28.568562 [debug] [MainThread]: On debug: select 1 as id
[0m21:43:28.568562 [debug] [MainThread]: Opening a new connection, currently in state init
[0m21:43:29.601492 [debug] [MainThread]: SQL status: SUCCESS 1 in 1.0 seconds
[0m21:43:29.603492 [debug] [MainThread]: On debug: Close
[0m21:43:29.695199 [info ] [MainThread]:   Connection test: [[32mOK connection ok[0m]

[0m21:43:29.695199 [info ] [MainThread]: [31m1 check failed:[0m
[0m21:43:29.695199 [info ] [MainThread]: Project loading failed for the following reason:
Runtime Error
  dbt_project.yml does not parse to a dictionary


[0m21:43:29.712650 [debug] [MainThread]: Command `dbt debug` failed at 21:43:29.712650 after 1.71 seconds
[0m21:43:29.713649 [debug] [MainThread]: Connection 'debug' was properly closed.
[0m21:43:29.714650 [debug] [MainThread]: Sending event: {'category': 'dbt', 'action': 'invocation', 'label': 'end', 'context': [<snowplow_tracker.self_describing_json.SelfDescribingJson object at 0x0000026AF8207090>, <snowplow_tracker.self_describing_json.SelfDescribingJson object at 0x0000026AF819FAD0>, <snowplow_tracker.self_describing_json.SelfDescribingJson object at 0x0000026AF7D13F10>]}
[0m21:43:29.715652 [debug] [MainThread]: Flushing usage events
